<?xml version="1.0" encoding="UTF-8"?>
<!-- Generated by org.testng.reporters.JUnitReportReporter -->
<testsuite name="com.stc.test.HeadlessChrome" tests="1" time="14.345" ignored="0" failures="0" timestamp="10 Jan 2019 20:24:02 GMT" skipped="0" hostname="NYCGRMJSCHNIMAC" errors="0">
  <testcase name="searhGoogle" time="14.345" classname="com.stc.test.HeadlessChrome"/>
</testsuite> <!-- com.stc.test.HeadlessChrome -->
