<?xml version="1.0" encoding="UTF-8"?>
<!-- Generated by org.testng.reporters.JUnitReportReporter -->
<testsuite name="com.stc.test.GroupsTest" tests="5" time="0.019" ignored="0" failures="0" timestamp="10 Jan 2019 02:51:21 GMT" skipped="0" hostname="NYCGRMJSCHNIMAC" errors="0">
  <testcase name="test1" time="0.001" classname="com.stc.test.GroupsTest"/>
  <testcase name="test2" time="0.002" classname="com.stc.test.GroupsTest"/>
  <testcase name="test5" time="0.002" classname="com.stc.test.GroupsTest"/>
  <testcase name="test4" time="0.004" classname="com.stc.test.GroupsTest"/>
  <testcase name="test3" time="0.010" classname="com.stc.test.GroupsTest"/>
</testsuite> <!-- com.stc.test.GroupsTest -->
