<?xml version="1.0" encoding="UTF-8"?>
<!-- Generated by org.testng.reporters.JUnitReportReporter -->
<testsuite name="com.stc.test.AutoITTest" tests="1" time="4.654" ignored="0" failures="0" timestamp="10 Jan 2019 23:37:37 GMT" skipped="0" hostname="NYCGRMJSCHNIMAC" errors="0">
  <testcase name="searhGoogle" time="4.654" classname="com.stc.test.AutoITTest"/>
</testsuite> <!-- com.stc.test.AutoITTest -->
