<?xml version="1.0" encoding="UTF-8"?>
<!-- Generated by org.testng.reporters.JUnitReportReporter -->
<testsuite name="com.stc.test.TestProperties" tests="1" time="2.710" ignored="0" failures="0" timestamp="09 Jan 2019 21:13:30 GMT" skipped="0" hostname="NYCGRMJSCHNIMAC" errors="0">
  <testcase name="searchGoogle" time="2.710" classname="com.stc.test.TestProperties"/>
</testsuite> <!-- com.stc.test.TestProperties -->
