<?xml version="1.0" encoding="UTF-8"?>
<!-- Generated by org.testng.reporters.JUnitReportReporter -->
<testsuite name="com.stc.test.GroupDependencies" tests="3" time="0.019" ignored="0" failures="0" timestamp="10 Jan 2019 02:53:04 GMT" skipped="0" hostname="NYCGRMJSCHNIMAC" errors="0">
  <testcase name="test1" time="0.001" classname="com.stc.test.GroupDependencies"/>
  <testcase name="test2" time="0.017" classname="com.stc.test.GroupDependencies"/>
  <testcase name="test3" time="0.001" classname="com.stc.test.GroupDependencies"/>
</testsuite> <!-- com.stc.test.GroupDependencies -->
