<?xml version="1.0" encoding="UTF-8"?>
<!-- Generated by org.testng.reporters.JUnitReportReporter -->
<testsuite name="com.stc.util.ExcelUtilTest" tests="1" time="0.570" ignored="0" failures="0" timestamp="09 Jan 2019 04:32:42 GMT" skipped="0" hostname="NYCGRMJSCHNIMAC" errors="0">
  <testcase name="getExcelData" time="0.570" classname="com.stc.util.ExcelUtilTest"/>
</testsuite> <!-- com.stc.util.ExcelUtilTest -->
