<?xml version="1.0" encoding="UTF-8"?>
<!-- Generated by org.testng.reporters.JUnitReportReporter -->
<testsuite name="com.stc.test.GitHub" tests="1" time="0.018" ignored="0" failures="0" timestamp="14 Jan 2019 19:32:33 GMT" skipped="0" hostname="NYCGRMJSCHNIMAC" errors="0">
  <testcase name="test1" time="0.018" classname="com.stc.test.GitHub"/>
</testsuite> <!-- com.stc.test.GitHub -->
