<?xml version="1.0" encoding="UTF-8"?>
<!-- Generated by org.testng.reporters.JUnitReportReporter -->
<testsuite name="com.stc.test.GoogleSearchTest" tests="1" time="2.724" ignored="0" failures="0" timestamp="08 Jan 2019 23:53:59 GMT" skipped="0" hostname="NYCGRMJSCHNIMAC" errors="0">
  <testcase name="googleSearch" time="2.724" classname="com.stc.test.GoogleSearchTest"/>
</testsuite> <!-- com.stc.test.GoogleSearchTest -->
